app/build/intermediates/manifest_merge_blame_file/debug/manifest-merger-blame-debug-report.txt
1<?xml version="1.0" encoding="utf-8"?>
2<manifest xmlns:android="http://schemas.android.com/apk/res/android"
3    package="ca.bcit.pubhub"
4    android:versionCode="1"
5    android:versionName="1.0" >
6
7    <uses-sdk
8        android:minSdkVersion="27"
8-->src\main\AndroidManifest.xml
9        android:targetSdkVersion="28" />
9-->src\main\AndroidManifest.xml
10
11    <uses-permission android:name="android.permission.ACCESS_NETWORK_STATE" />
11-->[com.firebaseui:firebase-ui-auth:6.3.0] AndroidManifest.xml:12:5-79
11-->[com.firebaseui:firebase-ui-auth:6.3.0] AndroidManifest.xml:12:22-76
12    <uses-permission android:name="android.permission.INTERNET" />
12-->[com.firebaseui:firebase-ui-auth:6.3.0] AndroidManifest.xml:13:5-67
12-->[com.firebaseui:firebase-ui-auth:6.3.0] AndroidManifest.xml:13:22-64
13    <uses-permission android:name="android.permission.WAKE_LOCK" />
13-->[com.google.android.gms:play-services-measurement:17.5.0] AndroidManifest.xml:25:5-68
13-->[com.google.android.gms:play-services-measurement:17.5.0] AndroidManifest.xml:25:22-65
14    <uses-permission android:name="com.google.android.finsky.permission.BIND_GET_INSTALL_REFERRER_SERVICE" />
14-->[com.google.android.gms:play-services-measurement:17.5.0] AndroidManifest.xml:26:5-110
14-->[com.google.android.gms:play-services-measurement:17.5.0] AndroidManifest.xml:26:22-107
15
16    <application
16-->src\main\AndroidManifest.xml:5:5-34:19
17        android:allowBackup="true"
17-->src\main\AndroidManifest.xml:6:9-35
18        android:appComponentFactory="androidx.core.app.CoreComponentFactory"
18-->[androidx.core:core:1.3.1] AndroidManifest.xml:24:18-86
19        android:debuggable="true"
20        android:extractNativeLibs="false"
21        android:icon="@mipmap/ic_launcher"
21-->src\main\AndroidManifest.xml:7:9-43
22        android:label="@string/app_name"
22-->src\main\AndroidManifest.xml:8:9-41
23        android:roundIcon="@mipmap/ic_launcher_round"
23-->src\main\AndroidManifest.xml:9:9-54
24        android:supportsRtl="true"
24-->src\main\AndroidManifest.xml:10:9-35
25        android:testOnly="true"
26        android:theme="@style/AppTheme" >
26-->src\main\AndroidManifest.xml:11:9-40
27        <activity android:name="ca.bcit.pubhub.activities.HistoryActivity" />
27-->src\main\AndroidManifest.xml:12:9-64
27-->src\main\AndroidManifest.xml:12:19-61
28        <activity android:name="ca.bcit.pubhub.activities.ChatActivity" />
28-->src\main\AndroidManifest.xml:13:9-61
28-->src\main\AndroidManifest.xml:13:19-58
29        <activity android:name="ca.bcit.pubhub.activities.HomeActivity" />
29-->src\main\AndroidManifest.xml:14:9-61
29-->src\main\AndroidManifest.xml:14:19-58
30        <activity android:name="ca.bcit.pubhub.activities.Categories.SoccerActivity" />
30-->src\main\AndroidManifest.xml:16:9-73
30-->src\main\AndroidManifest.xml:16:19-71
31        <activity android:name="ca.bcit.pubhub.activities.Categories.EsportsActivity" />
31-->src\main\AndroidManifest.xml:17:9-74
31-->src\main\AndroidManifest.xml:17:19-72
32        <activity android:name="ca.bcit.pubhub.activities.Categories.BasketballActivity" />
32-->src\main\AndroidManifest.xml:18:9-77
32-->src\main\AndroidManifest.xml:18:19-75
33        <activity android:name="ca.bcit.pubhub.activities.Categories.BaseballActivity" />
33-->src\main\AndroidManifest.xml:19:9-75
33-->src\main\AndroidManifest.xml:19:19-73
34        <activity android:name="ca.bcit.pubhub.activities.Categories.SoccerListActivity" />
34-->src\main\AndroidManifest.xml:21:9-77
34-->src\main\AndroidManifest.xml:21:19-75
35        <activity android:name="ca.bcit.pubhub.activities.Categories.BasketballListActivity" />
35-->src\main\AndroidManifest.xml:22:9-81
35-->src\main\AndroidManifest.xml:22:19-79
36        <activity android:name="ca.bcit.pubhub.activities.Categories.BaseballListActivity" />
36-->src\main\AndroidManifest.xml:23:9-79
36-->src\main\AndroidManifest.xml:23:19-77
37        <activity android:name="ca.bcit.pubhub.activities.Categories.EsportsListActivity" />
37-->src\main\AndroidManifest.xml:24:9-78
37-->src\main\AndroidManifest.xml:24:19-76
38        <activity android:name="ca.bcit.pubhub.activities.Categories.CategoryDetailActivity" />
38-->src\main\AndroidManifest.xml:26:9-81
38-->src\main\AndroidManifest.xml:26:19-79
39        <activity android:name="ca.bcit.pubhub.activities.LoginActivity" >
39-->src\main\AndroidManifest.xml:27:9-33:20
39-->src\main\AndroidManifest.xml:27:19-59
40            <intent-filter>
40-->src\main\AndroidManifest.xml:28:13-32:29
41                <action android:name="android.intent.action.MAIN" />
41-->src\main\AndroidManifest.xml:29:17-69
41-->src\main\AndroidManifest.xml:29:25-66
42
43                <category android:name="android.intent.category.LAUNCHER" />
43-->src\main\AndroidManifest.xml:31:17-77
43-->src\main\AndroidManifest.xml:31:27-74
44            </intent-filter>
45        </activity>
46
47        <meta-data
47-->[com.firebaseui:firebase-ui-auth:6.3.0] AndroidManifest.xml:16:9-18:69
48            android:name="com.google.android.gms.version"
48-->[com.firebaseui:firebase-ui-auth:6.3.0] AndroidManifest.xml:17:13-58
49            android:value="@integer/google_play_services_version" />
49-->[com.firebaseui:firebase-ui-auth:6.3.0] AndroidManifest.xml:18:13-66
50        <meta-data
50-->[com.firebaseui:firebase-ui-auth:6.3.0] AndroidManifest.xml:19:9-21:63
51            android:name="com.facebook.sdk.ApplicationId"
51-->[com.firebaseui:firebase-ui-auth:6.3.0] AndroidManifest.xml:20:13-58
52            android:value="@string/facebook_application_id" />
52-->[com.firebaseui:firebase-ui-auth:6.3.0] AndroidManifest.xml:21:13-60
53
54        <activity
54-->[com.firebaseui:firebase-ui-auth:6.3.0] AndroidManifest.xml:23:9-27:61
55            android:name="com.firebase.ui.auth.KickoffActivity"
55-->[com.firebaseui:firebase-ui-auth:6.3.0] AndroidManifest.xml:24:13-64
56            android:exported="false"
56-->[com.firebaseui:firebase-ui-auth:6.3.0] AndroidManifest.xml:25:13-37
57            android:label=""
57-->[com.firebaseui:firebase-ui-auth:6.3.0] AndroidManifest.xml:26:13-29
58            android:theme="@style/FirebaseUI.Transparent" />
58-->[com.firebaseui:firebase-ui-auth:6.3.0] AndroidManifest.xml:27:13-58
59        <activity
59-->[com.firebaseui:firebase-ui-auth:6.3.0] AndroidManifest.xml:28:9-32:61
60            android:name="com.firebase.ui.auth.ui.idp.SingleSignInActivity"
60-->[com.firebaseui:firebase-ui-auth:6.3.0] AndroidManifest.xml:29:13-76
61            android:exported="false"
61-->[com.firebaseui:firebase-ui-auth:6.3.0] AndroidManifest.xml:30:13-37
62            android:label=""
62-->[com.firebaseui:firebase-ui-auth:6.3.0] AndroidManifest.xml:31:13-29
63            android:theme="@style/FirebaseUI.Transparent" />
63-->[com.firebaseui:firebase-ui-auth:6.3.0] AndroidManifest.xml:32:13-58
64        <activity
64-->[com.firebaseui:firebase-ui-auth:6.3.0] AndroidManifest.xml:33:9-37:61
65            android:name="com.firebase.ui.auth.ui.credentials.CredentialSaveActivity"
65-->[com.firebaseui:firebase-ui-auth:6.3.0] AndroidManifest.xml:34:13-86
66            android:exported="false"
66-->[com.firebaseui:firebase-ui-auth:6.3.0] AndroidManifest.xml:35:13-37
67            android:label=""
67-->[com.firebaseui:firebase-ui-auth:6.3.0] AndroidManifest.xml:36:13-29
68            android:theme="@style/FirebaseUI.Transparent" />
68-->[com.firebaseui:firebase-ui-auth:6.3.0] AndroidManifest.xml:37:13-58
69        <activity
69-->[com.firebaseui:firebase-ui-auth:6.3.0] AndroidManifest.xml:38:9-42:58
70            android:name="com.firebase.ui.auth.ui.email.RecoverPasswordActivity"
70-->[com.firebaseui:firebase-ui-auth:6.3.0] AndroidManifest.xml:39:13-81
71            android:exported="false"
71-->[com.firebaseui:firebase-ui-auth:6.3.0] AndroidManifest.xml:40:13-37
72            android:label="@string/fui_title_recover_password_activity"
72-->[com.firebaseui:firebase-ui-auth:6.3.0] AndroidManifest.xml:41:13-72
73            android:windowSoftInputMode="adjustResize" />
73-->[com.firebaseui:firebase-ui-auth:6.3.0] AndroidManifest.xml:42:13-55
74        <activity
74-->[com.firebaseui:firebase-ui-auth:6.3.0] AndroidManifest.xml:43:9-47:58
75            android:name="com.firebase.ui.auth.ui.email.EmailActivity"
75-->[com.firebaseui:firebase-ui-auth:6.3.0] AndroidManifest.xml:44:13-71
76            android:exported="false"
76-->[com.firebaseui:firebase-ui-auth:6.3.0] AndroidManifest.xml:45:13-37
77            android:label="@string/fui_sign_in_default"
77-->[com.firebaseui:firebase-ui-auth:6.3.0] AndroidManifest.xml:46:13-56
78            android:windowSoftInputMode="adjustResize" />
78-->[com.firebaseui:firebase-ui-auth:6.3.0] AndroidManifest.xml:47:13-55
79        <activity
79-->[com.firebaseui:firebase-ui-auth:6.3.0] AndroidManifest.xml:48:9-52:77
80            android:name="com.firebase.ui.auth.ui.phone.PhoneActivity"
80-->[com.firebaseui:firebase-ui-auth:6.3.0] AndroidManifest.xml:49:13-71
81            android:exported="false"
81-->[com.firebaseui:firebase-ui-auth:6.3.0] AndroidManifest.xml:50:13-37
82            android:label="@string/fui_sign_in_with_phone_number"
82-->[com.firebaseui:firebase-ui-auth:6.3.0] AndroidManifest.xml:51:13-66
83            android:windowSoftInputMode="adjustResize|stateAlwaysVisible" />
83-->[com.firebaseui:firebase-ui-auth:6.3.0] AndroidManifest.xml:52:13-74
84        <activity
84-->[com.firebaseui:firebase-ui-auth:6.3.0] AndroidManifest.xml:53:9-57:58
85            android:name="com.firebase.ui.auth.ui.idp.WelcomeBackIdpPrompt"
85-->[com.firebaseui:firebase-ui-auth:6.3.0] AndroidManifest.xml:54:13-76
86            android:exported="false"
86-->[com.firebaseui:firebase-ui-auth:6.3.0] AndroidManifest.xml:55:13-37
87            android:label="@string/fui_title_welcome_back_idp_prompt"
87-->[com.firebaseui:firebase-ui-auth:6.3.0] AndroidManifest.xml:56:13-70
88            android:windowSoftInputMode="adjustResize" />
88-->[com.firebaseui:firebase-ui-auth:6.3.0] AndroidManifest.xml:57:13-55
89        <activity
89-->[com.firebaseui:firebase-ui-auth:6.3.0] AndroidManifest.xml:58:9-62:58
90            android:name="com.firebase.ui.auth.ui.email.WelcomeBackPasswordPrompt"
90-->[com.firebaseui:firebase-ui-auth:6.3.0] AndroidManifest.xml:59:13-83
91            android:exported="false"
91-->[com.firebaseui:firebase-ui-auth:6.3.0] AndroidManifest.xml:60:13-37
92            android:label="@string/fui_title_welcome_back_password_prompt"
92-->[com.firebaseui:firebase-ui-auth:6.3.0] AndroidManifest.xml:61:13-75
93            android:windowSoftInputMode="adjustResize" />
93-->[com.firebaseui:firebase-ui-auth:6.3.0] AndroidManifest.xml:62:13-55
94        <activity
94-->[com.firebaseui:firebase-ui-auth:6.3.0] AndroidManifest.xml:63:9-67:58
95            android:name="com.firebase.ui.auth.ui.email.WelcomeBackEmailLinkPrompt"
95-->[com.firebaseui:firebase-ui-auth:6.3.0] AndroidManifest.xml:64:13-84
96            android:exported="false"
96-->[com.firebaseui:firebase-ui-auth:6.3.0] AndroidManifest.xml:65:13-37
97            android:label="@string/fui_title_welcome_back_password_prompt"
97-->[com.firebaseui:firebase-ui-auth:6.3.0] AndroidManifest.xml:66:13-75
98            android:windowSoftInputMode="adjustResize" />
98-->[com.firebaseui:firebase-ui-auth:6.3.0] AndroidManifest.xml:67:13-55
99        <activity
99-->[com.firebaseui:firebase-ui-auth:6.3.0] AndroidManifest.xml:68:9-73:58
100            android:name="com.firebase.ui.auth.ui.email.EmailLinkCatcherActivity"
100-->[com.firebaseui:firebase-ui-auth:6.3.0] AndroidManifest.xml:69:13-82
101            android:exported="false"
101-->[com.firebaseui:firebase-ui-auth:6.3.0] AndroidManifest.xml:70:13-37
102            android:label=""
102-->[com.firebaseui:firebase-ui-auth:6.3.0] AndroidManifest.xml:71:13-29
103            android:theme="@style/FirebaseUI.Transparent"
103-->[com.firebaseui:firebase-ui-auth:6.3.0] AndroidManifest.xml:72:13-58
104            android:windowSoftInputMode="adjustResize" />
104-->[com.firebaseui:firebase-ui-auth:6.3.0] AndroidManifest.xml:73:13-55
105        <activity
105-->[com.firebaseui:firebase-ui-auth:6.3.0] AndroidManifest.xml:74:9-78:58
106            android:name="com.firebase.ui.auth.ui.email.EmailLinkErrorRecoveryActivity"
106-->[com.firebaseui:firebase-ui-auth:6.3.0] AndroidManifest.xml:75:13-88
107            android:exported="false"
107-->[com.firebaseui:firebase-ui-auth:6.3.0] AndroidManifest.xml:76:13-37
108            android:label="@string/fui_sign_in_default"
108-->[com.firebaseui:firebase-ui-auth:6.3.0] AndroidManifest.xml:77:13-56
109            android:windowSoftInputMode="adjustResize" />
109-->[com.firebaseui:firebase-ui-auth:6.3.0] AndroidManifest.xml:78:13-55
110        <activity
110-->[com.firebaseui:firebase-ui-auth:6.3.0] AndroidManifest.xml:79:9-82:65
111            android:name="com.firebase.ui.auth.ui.idp.AuthMethodPickerActivity"
111-->[com.firebaseui:firebase-ui-auth:6.3.0] AndroidManifest.xml:80:13-80
112            android:exported="false"
112-->[com.firebaseui:firebase-ui-auth:6.3.0] AndroidManifest.xml:81:13-37
113            android:label="@string/fui_default_toolbar_title" />
113-->[com.firebaseui:firebase-ui-auth:6.3.0] AndroidManifest.xml:82:13-62
114        <activity
114-->[com.firebaseui:firebase-ui-auth:6.3.0] AndroidManifest.xml:83:9-87:48
115            android:name="com.facebook.FacebookActivity"
115-->[com.firebaseui:firebase-ui-auth:6.3.0] AndroidManifest.xml:84:13-57
116            android:configChanges="keyboard|keyboardHidden|screenLayout|screenSize|orientation"
116-->[com.firebaseui:firebase-ui-auth:6.3.0] AndroidManifest.xml:85:13-96
117            android:label="@string/app_name" />
117-->[com.firebaseui:firebase-ui-auth:6.3.0] AndroidManifest.xml:86:13-45
118        <activity
118-->[com.firebaseui:firebase-ui-auth:6.3.0] AndroidManifest.xml:88:9-100:20
119            android:name="com.facebook.CustomTabActivity"
119-->[com.firebaseui:firebase-ui-auth:6.3.0] AndroidManifest.xml:89:13-58
120            android:exported="true" >
120-->[com.firebaseui:firebase-ui-auth:6.3.0] AndroidManifest.xml:90:13-36
121            <intent-filter>
121-->[com.firebaseui:firebase-ui-auth:6.3.0] AndroidManifest.xml:92:13-99:29
122                <action android:name="android.intent.action.VIEW" />
122-->[com.firebaseui:firebase-ui-auth:6.3.0] AndroidManifest.xml:93:17-69
122-->[com.firebaseui:firebase-ui-auth:6.3.0] AndroidManifest.xml:93:25-66
123
124                <category android:name="android.intent.category.DEFAULT" />
124-->[com.firebaseui:firebase-ui-auth:6.3.0] AndroidManifest.xml:95:17-76
124-->[com.firebaseui:firebase-ui-auth:6.3.0] AndroidManifest.xml:95:27-73
125                <category android:name="android.intent.category.BROWSABLE" />
125-->[com.firebaseui:firebase-ui-auth:6.3.0] AndroidManifest.xml:96:17-78
125-->[com.firebaseui:firebase-ui-auth:6.3.0] AndroidManifest.xml:96:27-75
126
127                <data android:scheme="@string/facebook_login_protocol_scheme" />
127-->[com.firebaseui:firebase-ui-auth:6.3.0] AndroidManifest.xml:98:17-81
127-->[com.firebaseui:firebase-ui-auth:6.3.0] AndroidManifest.xml:98:23-78
128            </intent-filter>
129        </activity>
130
131        <provider
131-->[com.firebaseui:firebase-ui-auth:6.3.0] AndroidManifest.xml:102:9-106:38
132            android:name="com.firebase.ui.auth.data.client.AuthUiInitProvider"
132-->[com.firebaseui:firebase-ui-auth:6.3.0] AndroidManifest.xml:103:13-79
133            android:authorities="ca.bcit.pubhub.authuiinitprovider"
133-->[com.firebaseui:firebase-ui-auth:6.3.0] AndroidManifest.xml:104:13-70
134            android:exported="false"
134-->[com.firebaseui:firebase-ui-auth:6.3.0] AndroidManifest.xml:105:13-37
135            android:initOrder="90" />
135-->[com.firebaseui:firebase-ui-auth:6.3.0] AndroidManifest.xml:106:13-35
136
137        <service
137-->[com.google.firebase:firebase-database:19.5.0] AndroidManifest.xml:29:9-35:19
138            android:name="com.google.firebase.components.ComponentDiscoveryService"
138-->[com.google.firebase:firebase-database:19.5.0] AndroidManifest.xml:30:13-84
139            android:directBootAware="true"
139-->[com.google.firebase:firebase-common:19.3.1] AndroidManifest.xml:35:13-43
140            android:exported="false" >
140-->[com.google.firebase:firebase-database:19.5.0] AndroidManifest.xml:31:13-37
141            <meta-data
141-->[com.google.firebase:firebase-database:19.5.0] AndroidManifest.xml:32:13-34:85
142                android:name="com.google.firebase.components:com.google.firebase.database.DatabaseRegistrar"
142-->[com.google.firebase:firebase-database:19.5.0] AndroidManifest.xml:33:17-109
143                android:value="com.google.firebase.components.ComponentRegistrar" />
143-->[com.google.firebase:firebase-database:19.5.0] AndroidManifest.xml:34:17-82
144            <meta-data
144-->[com.google.firebase:firebase-auth:19.4.0] AndroidManifest.xml:36:13-38:85
145                android:name="com.google.firebase.components:com.google.firebase.auth.FirebaseAuthRegistrar"
145-->[com.google.firebase:firebase-auth:19.4.0] AndroidManifest.xml:37:17-109
146                android:value="com.google.firebase.components.ComponentRegistrar" />
146-->[com.google.firebase:firebase-auth:19.4.0] AndroidManifest.xml:38:17-82
147            <meta-data
147-->[com.google.android.gms:play-services-measurement-api:17.5.0] AndroidManifest.xml:30:13-32:85
148                android:name="com.google.firebase.components:com.google.firebase.analytics.connector.internal.AnalyticsConnectorRegistrar"
148-->[com.google.android.gms:play-services-measurement-api:17.5.0] AndroidManifest.xml:31:17-139
149                android:value="com.google.firebase.components.ComponentRegistrar" />
149-->[com.google.android.gms:play-services-measurement-api:17.5.0] AndroidManifest.xml:32:17-82
150            <meta-data
150-->[com.google.firebase:firebase-installations:16.3.2] AndroidManifest.xml:17:13-19:85
151                android:name="com.google.firebase.components:com.google.firebase.installations.FirebaseInstallationsRegistrar"
151-->[com.google.firebase:firebase-installations:16.3.2] AndroidManifest.xml:18:17-127
152                android:value="com.google.firebase.components.ComponentRegistrar" />
152-->[com.google.firebase:firebase-installations:16.3.2] AndroidManifest.xml:19:17-82
153        </service>
154
155        <activity
155-->[com.google.firebase:firebase-auth:19.4.0] AndroidManifest.xml:24:9-31:50
156            android:name="com.google.firebase.auth.internal.FederatedSignInActivity"
156-->[com.google.firebase:firebase-auth:19.4.0] AndroidManifest.xml:25:13-85
157            android:excludeFromRecents="true"
157-->[com.google.firebase:firebase-auth:19.4.0] AndroidManifest.xml:26:13-46
158            android:exported="true"
158-->[com.google.firebase:firebase-auth:19.4.0] AndroidManifest.xml:27:13-36
159            android:launchMode="singleTask"
159-->[com.google.firebase:firebase-auth:19.4.0] AndroidManifest.xml:28:13-44
160            android:permission="com.google.firebase.auth.api.gms.permission.LAUNCH_FEDERATED_SIGN_IN"
160-->[com.google.firebase:firebase-auth:19.4.0] AndroidManifest.xml:29:13-102
161            android:theme="@android:style/Theme.Translucent.NoTitleBar" />
161-->[com.google.firebase:firebase-auth:19.4.0] AndroidManifest.xml:30:13-72
162        <activity
162-->[com.google.android.gms:play-services-auth:18.1.0] AndroidManifest.xml:23:9-27:75
163            android:name="com.google.android.gms.auth.api.signin.internal.SignInHubActivity"
163-->[com.google.android.gms:play-services-auth:18.1.0] AndroidManifest.xml:24:13-93
164            android:excludeFromRecents="true"
164-->[com.google.android.gms:play-services-auth:18.1.0] AndroidManifest.xml:25:13-46
165            android:exported="false"
165-->[com.google.android.gms:play-services-auth:18.1.0] AndroidManifest.xml:26:13-37
166            android:theme="@android:style/Theme.Translucent.NoTitleBar" />
166-->[com.google.android.gms:play-services-auth:18.1.0] AndroidManifest.xml:27:13-72
167        <!--
168            Service handling Google Sign-In user revocation. For apps that do not integrate with
169            Google Sign-In, this service will never be started.
170        -->
171        <service
171-->[com.google.android.gms:play-services-auth:18.1.0] AndroidManifest.xml:33:9-37:51
172            android:name="com.google.android.gms.auth.api.signin.RevocationBoundService"
172-->[com.google.android.gms:play-services-auth:18.1.0] AndroidManifest.xml:34:13-89
173            android:exported="true"
173-->[com.google.android.gms:play-services-auth:18.1.0] AndroidManifest.xml:35:13-36
174            android:permission="com.google.android.gms.auth.api.signin.permission.REVOCATION_NOTIFICATION"
174-->[com.google.android.gms:play-services-auth:18.1.0] AndroidManifest.xml:36:13-107
175            android:visibleToInstantApps="true" />
175-->[com.google.android.gms:play-services-auth:18.1.0] AndroidManifest.xml:37:13-48
176
177        <activity
177-->[com.google.android.gms:play-services-base:17.1.0] AndroidManifest.xml:23:9-26:75
178            android:name="com.google.android.gms.common.api.GoogleApiActivity"
178-->[com.google.android.gms:play-services-base:17.1.0] AndroidManifest.xml:24:13-79
179            android:exported="false"
179-->[com.google.android.gms:play-services-base:17.1.0] AndroidManifest.xml:25:13-37
180            android:theme="@android:style/Theme.Translucent.NoTitleBar" />
180-->[com.google.android.gms:play-services-base:17.1.0] AndroidManifest.xml:26:13-72
181
182        <receiver
182-->[com.google.android.gms:play-services-measurement:17.5.0] AndroidManifest.xml:29:9-33:20
183            android:name="com.google.android.gms.measurement.AppMeasurementReceiver"
183-->[com.google.android.gms:play-services-measurement:17.5.0] AndroidManifest.xml:30:13-85
184            android:enabled="true"
184-->[com.google.android.gms:play-services-measurement:17.5.0] AndroidManifest.xml:31:13-35
185            android:exported="false" >
185-->[com.google.android.gms:play-services-measurement:17.5.0] AndroidManifest.xml:32:13-37
186        </receiver>
187
188        <service
188-->[com.google.android.gms:play-services-measurement:17.5.0] AndroidManifest.xml:35:9-38:40
189            android:name="com.google.android.gms.measurement.AppMeasurementService"
189-->[com.google.android.gms:play-services-measurement:17.5.0] AndroidManifest.xml:36:13-84
190            android:enabled="true"
190-->[com.google.android.gms:play-services-measurement:17.5.0] AndroidManifest.xml:37:13-35
191            android:exported="false" />
191-->[com.google.android.gms:play-services-measurement:17.5.0] AndroidManifest.xml:38:13-37
192        <service
192-->[com.google.android.gms:play-services-measurement:17.5.0] AndroidManifest.xml:39:9-43:72
193            android:name="com.google.android.gms.measurement.AppMeasurementJobService"
193-->[com.google.android.gms:play-services-measurement:17.5.0] AndroidManifest.xml:40:13-87
194            android:enabled="true"
194-->[com.google.android.gms:play-services-measurement:17.5.0] AndroidManifest.xml:41:13-35
195            android:exported="false"
195-->[com.google.android.gms:play-services-measurement:17.5.0] AndroidManifest.xml:42:13-37
196            android:permission="android.permission.BIND_JOB_SERVICE" />
196-->[com.google.android.gms:play-services-measurement:17.5.0] AndroidManifest.xml:43:13-69
197
198        <provider
198-->[com.google.firebase:firebase-common:19.3.1] AndroidManifest.xml:26:9-31:39
199            android:name="com.google.firebase.provider.FirebaseInitProvider"
199-->[com.google.firebase:firebase-common:19.3.1] AndroidManifest.xml:27:13-77
200            android:authorities="ca.bcit.pubhub.firebaseinitprovider"
200-->[com.google.firebase:firebase-common:19.3.1] AndroidManifest.xml:28:13-72
201            android:directBootAware="true"
201-->[com.google.firebase:firebase-common:19.3.1] AndroidManifest.xml:29:13-43
202            android:exported="false"
202-->[com.google.firebase:firebase-common:19.3.1] AndroidManifest.xml:30:13-37
203            android:initOrder="100" />
203-->[com.google.firebase:firebase-common:19.3.1] AndroidManifest.xml:31:13-36
204        <provider
204-->[androidx.lifecycle:lifecycle-process:2.1.0] AndroidManifest.xml:23:9-27:43
205            android:name="androidx.lifecycle.ProcessLifecycleOwnerInitializer"
205-->[androidx.lifecycle:lifecycle-process:2.1.0] AndroidManifest.xml:24:13-79
206            android:authorities="ca.bcit.pubhub.lifecycle-process"
206-->[androidx.lifecycle:lifecycle-process:2.1.0] AndroidManifest.xml:25:13-69
207            android:exported="false"
207-->[androidx.lifecycle:lifecycle-process:2.1.0] AndroidManifest.xml:26:13-37
208            android:multiprocess="true" />
208-->[androidx.lifecycle:lifecycle-process:2.1.0] AndroidManifest.xml:27:13-40
209    </application>
210
211</manifest>